<?xml version="1.0" encoding="UTF-8"?>
<!-- Generated by org.testng.reporters.JUnitReportReporter -->
<testsuite hostname="DESKTOP-TCC86SQ" failures="0" tests="7" name="saucePackage.SauceTestCases" time="28.678" errors="0" timestamp="2024-04-16T14:28:49 TRT" skipped="3">
  <testcase classname="saucePackage.SauceTestCases" name="myLogin" time="7.873"/>
  <system-out/>
  <testcase classname="saucePackage.SauceTestCases" name="FilterItem" time="2.232"/>
  <system-out/>
  <testcase classname="saucePackage.SauceTestCases" name="addFirstandLastItem" time="6.412"/>
  <system-out/>
  <testcase classname="saucePackage.SauceTestCases" name="checkOutProcessTwo" time="12.161"/>
  <system-out/>
  <testcase classname="saucePackage.SauceTestCases" name="logoutProcess">
    <skipped/>
  </testcase> <!-- logoutProcess -->
  <system-out/>
  <testcase classname="saucePackage.SauceTestCases" name="checkOutProcess">
    <skipped/>
  </testcase> <!-- checkOutProcess -->
  <system-out/>
  <testcase classname="saucePackage.SauceTestCases" name="addTwoRandIItem">
    <skipped/>
  </testcase> <!-- addTwoRandIItem -->
  <system-out/>
</testsuite> <!-- saucePackage.SauceTestCases -->
